GC Precious Log:
 CPUs: 8 total, 8 available
 Memory: 16057M
 Large Page Support: Disabled
 NUMA Support: Disabled
 Compressed Oops: Enabled (Zero based)
 Heap Region Size: 2M
 Heap Min Capacity: 8M
 Heap Initial Capacity: 252M
 Heap Max Capacity: 4016M
 Pre-touch: Disabled
 Parallel Workers: 8
 Concurrent Workers: 2
 Concurrent Refinement Workers: 8
 Periodic GC: Disabled
Heap:
 garbage-first heap   total 133120K, used 63149K [0x0000000705000000, 0x0000000800000000)
  region size 2048K, 6 young (12288K), 2 survivors (4096K)
 Metaspace       used 88582K, committed 89472K, reserved 1130496K
  class space    used 12617K, committed 13056K, reserved 1048576K
GC Heap History (20 events):
Event: 12.528 GC heap before
{Heap before GC invocations=15 (full 0):
 garbage-first heap   total 110592K, used 83076K [0x0000000705000000, 0x0000000800000000)
  region size 2048K, 26 young (53248K), 2 survivors (4096K)
 Metaspace       used 65245K, committed 65792K, reserved 1105920K
  class space    used 9215K, committed 9472K, reserved 1048576K
}
Event: 12.532 GC heap after
{Heap after GC invocations=16 (full 0):
 garbage-first heap   total 110592K, used 38663K [0x0000000705000000, 0x0000000800000000)
  region size 2048K, 4 young (8192K), 4 survivors (8192K)
 Metaspace       used 65245K, committed 65792K, reserved 1105920K
  class space    used 9215K, committed 9472K, reserved 1048576K
}
Event: 12.719 GC heap before
{Heap before GC invocations=16 (full 0):
 garbage-first heap   total 110592K, used 83719K [0x0000000705000000, 0x0000000800000000)
  region size 2048K, 26 young (53248K), 4 survivors (8192K)
 Metaspace       used 66809K, committed 67392K, reserved 1114112K
  class space    used 9438K, committed 9728K, reserved 1048576K
}
Event: 12.723 GC heap after
{Heap after GC invocations=17 (full 0):
 garbage-first heap   total 110592K, used 40015K [0x0000000705000000, 0x0000000800000000)
  region size 2048K, 3 young (6144K), 3 survivors (6144K)
 Metaspace       used 66809K, committed 67392K, reserved 1114112K
  class space    used 9438K, committed 9728K, reserved 1048576K
}
Event: 13.177 GC heap before
{Heap before GC invocations=17 (full 0):
 garbage-first heap   total 110592K, used 87119K [0x0000000705000000, 0x0000000800000000)
  region size 2048K, 26 young (53248K), 3 survivors (6144K)
 Metaspace       used 72437K, committed 73024K, reserved 1114112K
  class space    used 10224K, committed 10496K, reserved 1048576K
}
Event: 13.181 GC heap after
{Heap after GC invocations=18 (full 0):
 garbage-first heap   total 110592K, used 43245K [0x0000000705000000, 0x0000000800000000)
  region size 2048K, 4 young (8192K), 4 survivors (8192K)
 Metaspace       used 72437K, committed 73024K, reserved 1114112K
  class space    used 10224K, committed 10496K, reserved 1048576K
}
Event: 13.372 GC heap before
{Heap before GC invocations=18 (full 0):
 garbage-first heap   total 110592K, used 86253K [0x0000000705000000, 0x0000000800000000)
  region size 2048K, 25 young (51200K), 4 survivors (8192K)
 Metaspace       used 73344K, committed 73984K, reserved 1114112K
  class space    used 10338K, committed 10624K, reserved 1048576K
}
Event: 13.376 GC heap after
{Heap after GC invocations=19 (full 0):
 garbage-first heap   total 110592K, used 44776K [0x0000000705000000, 0x0000000800000000)
  region size 2048K, 3 young (6144K), 3 survivors (6144K)
 Metaspace       used 73344K, committed 73984K, reserved 1114112K
  class space    used 10338K, committed 10624K, reserved 1048576K
}
Event: 13.592 GC heap before
{Heap before GC invocations=19 (full 0):
 garbage-first heap   total 110592K, used 87784K [0x0000000705000000, 0x0000000800000000)
  region size 2048K, 24 young (49152K), 3 survivors (6144K)
 Metaspace       used 74760K, committed 75392K, reserved 1114112K
  class space    used 10508K, committed 10816K, reserved 1048576K
}
Event: 13.595 GC heap after
{Heap after GC invocations=20 (full 0):
 garbage-first heap   total 133120K, used 46355K [0x0000000705000000, 0x0000000800000000)
  region size 2048K, 2 young (4096K), 2 survivors (4096K)
 Metaspace       used 74760K, committed 75392K, reserved 1114112K
  class space    used 10508K, committed 10816K, reserved 1048576K
}
Event: 14.212 GC heap before
{Heap before GC invocations=20 (full 0):
 garbage-first heap   total 133120K, used 105747K [0x0000000705000000, 0x0000000800000000)
  region size 2048K, 31 young (63488K), 2 survivors (4096K)
 Metaspace       used 79794K, committed 80384K, reserved 1122304K
  class space    used 11244K, committed 11520K, reserved 1048576K
}
Event: 14.217 GC heap after
{Heap after GC invocations=21 (full 0):
 garbage-first heap   total 133120K, used 50563K [0x0000000705000000, 0x0000000800000000)
  region size 2048K, 4 young (8192K), 4 survivors (8192K)
 Metaspace       used 79794K, committed 80384K, reserved 1122304K
  class space    used 11244K, committed 11520K, reserved 1048576K
}
Event: 17.185 GC heap before
{Heap before GC invocations=21 (full 0):
 garbage-first heap   total 133120K, used 105859K [0x0000000705000000, 0x0000000800000000)
  region size 2048K, 31 young (63488K), 4 survivors (8192K)
 Metaspace       used 85428K, committed 86080K, reserved 1130496K
  class space    used 12033K, committed 12352K, reserved 1048576K
}
Event: 17.195 GC heap after
{Heap after GC invocations=22 (full 0):
 garbage-first heap   total 133120K, used 53597K [0x0000000705000000, 0x0000000800000000)
  region size 2048K, 2 young (4096K), 2 survivors (4096K)
 Metaspace       used 85428K, committed 86080K, reserved 1130496K
  class space    used 12033K, committed 12352K, reserved 1048576K
}
Event: 17.642 GC heap before
{Heap before GC invocations=22 (full 0):
 garbage-first heap   total 133120K, used 104797K [0x0000000705000000, 0x0000000800000000)
  region size 2048K, 27 young (55296K), 2 survivors (4096K)
 Metaspace       used 86529K, committed 87232K, reserved 1130496K
  class space    used 12258K, committed 12608K, reserved 1048576K
}
Event: 17.645 GC heap after
{Heap after GC invocations=23 (full 0):
 garbage-first heap   total 133120K, used 55145K [0x0000000705000000, 0x0000000800000000)
  region size 2048K, 3 young (6144K), 3 survivors (6144K)
 Metaspace       used 86529K, committed 87232K, reserved 1130496K
  class space    used 12258K, committed 12608K, reserved 1048576K
}
Event: 17.942 GC heap before
{Heap before GC invocations=23 (full 0):
 garbage-first heap   total 133120K, used 104297K [0x0000000705000000, 0x0000000800000000)
  region size 2048K, 27 young (55296K), 3 survivors (6144K)
 Metaspace       used 86711K, committed 87360K, reserved 1130496K
  class space    used 12288K, committed 12608K, reserved 1048576K
}
Event: 17.946 GC heap after
{Heap after GC invocations=24 (full 0):
 garbage-first heap   total 133120K, used 55599K [0x0000000705000000, 0x0000000800000000)
  region size 2048K, 2 young (4096K), 2 survivors (4096K)
 Metaspace       used 86711K, committed 87360K, reserved 1130496K
  class space    used 12288K, committed 12608K, reserved 1048576K
}
Event: 86.093 GC heap before
{Heap before GC invocations=24 (full 0):
 garbage-first heap   total 133120K, used 106799K [0x0000000705000000, 0x0000000800000000)
  region size 2048K, 27 young (55296K), 2 survivors (4096K)
 Metaspace       used 88507K, committed 89344K, reserved 1130496K
  class space    used 12607K, committed 12992K, reserved 1048576K
}
Event: 86.095 GC heap after
{Heap after GC invocations=25 (full 0):
 garbage-first heap   total 133120K, used 57005K [0x0000000705000000, 0x0000000800000000)
  region size 2048K, 2 young (4096K), 2 survivors (4096K)
 Metaspace       used 88507K, committed 89344K, reserved 1130496K
  class space    used 12607K, committed 12992K, reserved 1048576K
}

